This file contains any messages produced by compilers while
running configure, to aid debugging if configure makes a mistake.

It was created by bullet configure 2.81, which was
generated by GNU Autoconf 2.68.  Invocation command line was

  $ ./configure 

## --------- ##
## Platform. ##
## --------- ##

hostname = gao-Lemur-Ultra
uname -m = i686
uname -r = 3.0.0-26-generic-pae
uname -s = Linux
uname -v = #43-Ubuntu SMP Tue Sep 25 17:39:44 UTC 2012

/usr/bin/uname -p = unknown
/bin/uname -X     = unknown

/bin/arch              = unknown
/usr/bin/arch -k       = unknown
/usr/convex/getsysinfo = unknown
/usr/bin/hostinfo      = unknown
/bin/machine           = unknown
/usr/bin/oslevel       = unknown
/bin/universe          = unknown

PATH: /opt/ros/fuerte/bin
PATH: /usr/include/glibmm-2.4/
PATH: /usr/include/
PATH: .
PATH: /usr/local/java/
PATH: /usr/local/java/jre1.7.0_09/lib
PATH: /usr/local/java/jre1.7.0_09/bin
PATH: /usr/lib/lightdm/lightdm
PATH: /usr/local/sbin
PATH: /usr/local/bin
PATH: /usr/sbin
PATH: /usr/bin
PATH: /sbin
PATH: /bin
PATH: /usr/games
PATH: /usr/local/arm/4.2.2-eabi/usr/bin


## ----------- ##
## Core tests. ##
## ----------- ##

configure:2350: checking build system type
configure:2364: result: i686-pc-linux-gnu
configure:2384: checking host system type
configure:2397: result: i686-pc-linux-gnu
configure:2434: checking for a BSD-compatible install
configure:2502: result: /usr/bin/install -c
configure:2513: checking whether build environment is sane
configure:2563: result: yes
configure:2704: checking for a thread-safe mkdir -p
configure:2743: result: /bin/mkdir -p
configure:2756: checking for gawk
configure:2772: found /usr/bin/gawk
configure:2783: result: gawk
configure:2794: checking whether make sets $(MAKE)
configure:2816: result: yes
configure:2908: checking for style of include used by make
configure:2936: result: GNU
configure:3006: checking for gcc
configure:3022: found /usr/bin/gcc
configure:3033: result: gcc
configure:3262: checking for C compiler version
configure:3271: gcc --version >&5
gcc (Ubuntu/Linaro 4.6.1-9ubuntu3) 4.6.1
Copyright (C) 2011 Free Software Foundation, Inc.
This is free software; see the source for copying conditions.  There is NO
warranty; not even for MERCHANTABILITY or FITNESS FOR A PARTICULAR PURPOSE.

configure:3282: $? = 0
configure:3271: gcc -v >&5
Using built-in specs.
COLLECT_GCC=gcc
COLLECT_LTO_WRAPPER=/usr/lib/gcc/i686-linux-gnu/4.6.1/lto-wrapper
Target: i686-linux-gnu
Configured with: ../src/configure -v --with-pkgversion='Ubuntu/Linaro 4.6.1-9ubuntu3' --with-bugurl=file:///usr/share/doc/gcc-4.6/README.Bugs --enable-languages=c,c++,fortran,objc,obj-c++,go --prefix=/usr --program-suffix=-4.6 --enable-shared --enable-linker-build-id --with-system-zlib --libexecdir=/usr/lib --without-included-gettext --enable-threads=posix --with-gxx-include-dir=/usr/include/c++/4.6 --libdir=/usr/lib --enable-nls --with-sysroot=/ --enable-clocale=gnu --enable-libstdcxx-debug --enable-libstdcxx-time=yes --enable-plugin --enable-objc-gc --enable-targets=all --disable-werror --with-arch-32=i686 --with-tune=generic --enable-checking=release --build=i686-linux-gnu --host=i686-linux-gnu --target=i686-linux-gnu
Thread model: posix
gcc version 4.6.1 (Ubuntu/Linaro 4.6.1-9ubuntu3) 
configure:3282: $? = 0
configure:3271: gcc -V >&5
gcc: error: unrecognized option '-V'
gcc: fatal error: no input files
compilation terminated.
configure:3282: $? = 4
configure:3271: gcc -qversion >&5
gcc: error: unrecognized option '-qversion'
gcc: fatal error: no input files
compilation terminated.
configure:3282: $? = 4
configure:3302: checking whether the C compiler works
configure:3324: gcc    conftest.c  >&5
configure:3328: $? = 0
configure:3376: result: yes
configure:3379: checking for C compiler default output file name
configure:3381: result: a.out
configure:3387: checking for suffix of executables
configure:3394: gcc -o conftest    conftest.c  >&5
configure:3398: $? = 0
configure:3420: result: 
configure:3442: checking whether we are cross compiling
configure:3450: gcc -o conftest    conftest.c  >&5
configure:3454: $? = 0
configure:3461: ./conftest
configure:3465: $? = 0
configure:3480: result: no
configure:3485: checking for suffix of object files
configure:3507: gcc -c   conftest.c >&5
configure:3511: $? = 0
configure:3532: result: o
configure:3536: checking whether we are using the GNU C compiler
configure:3555: gcc -c   conftest.c >&5
configure:3555: $? = 0
configure:3564: result: yes
configure:3573: checking whether gcc accepts -g
configure:3593: gcc -c -g  conftest.c >&5
configure:3593: $? = 0
configure:3634: result: yes
configure:3651: checking for gcc option to accept ISO C89
configure:3715: gcc  -c -g -O2  conftest.c >&5
configure:3715: $? = 0
configure:3728: result: none needed
configure:3750: checking dependency style of gcc
configure:3860: result: gcc3
configure:3876: checking whether gcc and cc understand -c and -o together
configure:3907: gcc -c conftest.c -o conftest2.o >&5
configure:3911: $? = 0
configure:3917: gcc -c conftest.c -o conftest2.o >&5
configure:3921: $? = 0
configure:3932: cc -c conftest.c >&5
configure:3936: $? = 0
configure:3944: cc -c conftest.c -o conftest2.o >&5
configure:3948: $? = 0
configure:3954: cc -c conftest.c -o conftest2.o >&5
configure:3958: $? = 0
configure:3976: result: yes
configure:4059: checking for g++
configure:4075: found /usr/bin/g++
configure:4086: result: g++
configure:4113: checking for C++ compiler version
configure:4122: g++ --version >&5
g++ (Ubuntu/Linaro 4.6.1-9ubuntu3) 4.6.1
Copyright (C) 2011 Free Software Foundation, Inc.
This is free software; see the source for copying conditions.  There is NO
warranty; not even for MERCHANTABILITY or FITNESS FOR A PARTICULAR PURPOSE.

configure:4133: $? = 0
configure:4122: g++ -v >&5
Using built-in specs.
COLLECT_GCC=g++
COLLECT_LTO_WRAPPER=/usr/lib/gcc/i686-linux-gnu/4.6.1/lto-wrapper
Target: i686-linux-gnu
Configured with: ../src/configure -v --with-pkgversion='Ubuntu/Linaro 4.6.1-9ubuntu3' --with-bugurl=file:///usr/share/doc/gcc-4.6/README.Bugs --enable-languages=c,c++,fortran,objc,obj-c++,go --prefix=/usr --program-suffix=-4.6 --enable-shared --enable-linker-build-id --with-system-zlib --libexecdir=/usr/lib --without-included-gettext --enable-threads=posix --with-gxx-include-dir=/usr/include/c++/4.6 --libdir=/usr/lib --enable-nls --with-sysroot=/ --enable-clocale=gnu --enable-libstdcxx-debug --enable-libstdcxx-time=yes --enable-plugin --enable-objc-gc --enable-targets=all --disable-werror --with-arch-32=i686 --with-tune=generic --enable-checking=release --build=i686-linux-gnu --host=i686-linux-gnu --target=i686-linux-gnu
Thread model: posix
gcc version 4.6.1 (Ubuntu/Linaro 4.6.1-9ubuntu3) 
configure:4133: $? = 0
configure:4122: g++ -V >&5
g++: error: unrecognized option '-V'
g++: fatal error: no input files
compilation terminated.
configure:4133: $? = 4
configure:4122: g++ -qversion >&5
g++: error: unrecognized option '-qversion'
g++: fatal error: no input files
compilation terminated.
configure:4133: $? = 4
configure:4137: checking whether we are using the GNU C++ compiler
configure:4156: g++ -c   conftest.cpp >&5
configure:4156: $? = 0
configure:4165: result: yes
configure:4174: checking whether g++ accepts -g
configure:4194: g++ -c -g  conftest.cpp >&5
configure:4194: $? = 0
configure:4235: result: yes
configure:4260: checking dependency style of g++
configure:4370: result: gcc3
configure:4410: checking for a sed that does not truncate output
configure:4474: result: /bin/sed
configure:4492: checking for grep that handles long lines and -e
configure:4550: result: /bin/grep
configure:4555: checking for egrep
configure:4617: result: /bin/grep -E
configure:4622: checking for fgrep
configure:4684: result: /bin/grep -F
configure:4719: checking for ld used by gcc
configure:4786: result: /usr/bin/ld
configure:4793: checking if the linker (/usr/bin/ld) is GNU ld
configure:4808: result: yes
configure:4821: checking for BSD- or MS-compatible name lister (nm)
configure:4870: result: /usr/bin/nm -B
configure:4988: checking the name lister (/usr/bin/nm -B) interface
configure:4995: gcc -c -g -O2  conftest.c >&5
configure:4998: /usr/bin/nm -B "conftest.o"
configure:5001: output
00000000 B some_variable
configure:5008: result: BSD nm
configure:5011: checking whether ln -s works
configure:5015: result: yes
configure:5023: checking the maximum length of command line arguments
configure:5143: result: 1572864
configure:5161: checking whether the shell understands some XSI constructs
configure:5169: result: yes
configure:5173: checking whether the shell understands "+="
configure:5179: result: yes
configure:5214: checking for /usr/bin/ld option to reload object files
configure:5221: result: -r
configure:5248: checking how to recognize dependent libraries
configure:5438: result: pass_all
configure:5498: checking for ar
configure:5514: found /usr/bin/ar
configure:5525: result: ar
configure:5603: checking for strip
configure:5619: found /usr/bin/strip
configure:5630: result: strip
configure:5702: checking for ranlib
configure:5718: found /usr/bin/ranlib
configure:5729: result: ranlib
configure:5819: checking command to parse /usr/bin/nm -B output from gcc object
configure:5937: gcc -c -g -O2  conftest.c >&5
configure:5940: $? = 0
configure:5944: /usr/bin/nm -B conftest.o \| sed -n -e 's/^.*[	 ]\([ABCDGIRSTW][ABCDGIRSTW]*\)[	 ][	 ]*\([_A-Za-z][_A-Za-z0-9]*\)$/\1 \2 \2/p' \> conftest.nm
configure:5947: $? = 0
configure:6001: gcc -o conftest -g -O2   conftest.c conftstm.o >&5
configure:6004: $? = 0
configure:6042: result: ok
configure:6554: checking how to run the C preprocessor
configure:6585: gcc -E  conftest.c
configure:6585: $? = 0
configure:6599: gcc -E  conftest.c
conftest.c:11:28: fatal error: ac_nonexistent.h: No such file or directory
compilation terminated.
configure:6599: $? = 1
configure: failed program was:
| /* confdefs.h */
| #define PACKAGE_NAME "bullet"
| #define PACKAGE_TARNAME "bullet"
| #define PACKAGE_VERSION "2.81"
| #define PACKAGE_STRING "bullet 2.81"
| #define PACKAGE_BUGREPORT "bullet@erwincoumans.com"
| #define PACKAGE_URL ""
| #define PACKAGE "bullet"
| #define VERSION "2.81"
| /* end confdefs.h.  */
| #include <ac_nonexistent.h>
configure:6624: result: gcc -E
configure:6644: gcc -E  conftest.c
configure:6644: $? = 0
configure:6658: gcc -E  conftest.c
conftest.c:11:28: fatal error: ac_nonexistent.h: No such file or directory
compilation terminated.
configure:6658: $? = 1
configure: failed program was:
| /* confdefs.h */
| #define PACKAGE_NAME "bullet"
| #define PACKAGE_TARNAME "bullet"
| #define PACKAGE_VERSION "2.81"
| #define PACKAGE_STRING "bullet 2.81"
| #define PACKAGE_BUGREPORT "bullet@erwincoumans.com"
| #define PACKAGE_URL ""
| #define PACKAGE "bullet"
| #define VERSION "2.81"
| /* end confdefs.h.  */
| #include <ac_nonexistent.h>
configure:6687: checking for ANSI C header files
configure:6707: gcc -c -g -O2  conftest.c >&5
configure:6707: $? = 0
configure:6780: gcc -o conftest -g -O2   conftest.c  >&5
configure:6780: $? = 0
configure:6780: ./conftest
configure:6780: $? = 0
configure:6791: result: yes
configure:6804: checking for sys/types.h
configure:6804: gcc -c -g -O2  conftest.c >&5
configure:6804: $? = 0
configure:6804: result: yes
configure:6804: checking for sys/stat.h
configure:6804: gcc -c -g -O2  conftest.c >&5
configure:6804: $? = 0
configure:6804: result: yes
configure:6804: checking for stdlib.h
configure:6804: gcc -c -g -O2  conftest.c >&5
configure:6804: $? = 0
configure:6804: result: yes
configure:6804: checking for string.h
configure:6804: gcc -c -g -O2  conftest.c >&5
configure:6804: $? = 0
configure:6804: result: yes
configure:6804: checking for memory.h
configure:6804: gcc -c -g -O2  conftest.c >&5
configure:6804: $? = 0
configure:6804: result: yes
configure:6804: checking for strings.h
configure:6804: gcc -c -g -O2  conftest.c >&5
configure:6804: $? = 0
configure:6804: result: yes
configure:6804: checking for inttypes.h
configure:6804: gcc -c -g -O2  conftest.c >&5
configure:6804: $? = 0
configure:6804: result: yes
configure:6804: checking for stdint.h
configure:6804: gcc -c -g -O2  conftest.c >&5
configure:6804: $? = 0
configure:6804: result: yes
configure:6804: checking for unistd.h
configure:6804: gcc -c -g -O2  conftest.c >&5
configure:6804: $? = 0
configure:6804: result: yes
configure:6818: checking for dlfcn.h
configure:6818: gcc -c -g -O2  conftest.c >&5
configure:6818: $? = 0
configure:6818: result: yes
configure:6943: checking for C++ compiler version
configure:6952: g++ --version >&5
g++ (Ubuntu/Linaro 4.6.1-9ubuntu3) 4.6.1
Copyright (C) 2011 Free Software Foundation, Inc.
This is free software; see the source for copying conditions.  There is NO
warranty; not even for MERCHANTABILITY or FITNESS FOR A PARTICULAR PURPOSE.

configure:6963: $? = 0
configure:6952: g++ -v >&5
Using built-in specs.
COLLECT_GCC=g++
COLLECT_LTO_WRAPPER=/usr/lib/gcc/i686-linux-gnu/4.6.1/lto-wrapper
Target: i686-linux-gnu
Configured with: ../src/configure -v --with-pkgversion='Ubuntu/Linaro 4.6.1-9ubuntu3' --with-bugurl=file:///usr/share/doc/gcc-4.6/README.Bugs --enable-languages=c,c++,fortran,objc,obj-c++,go --prefix=/usr --program-suffix=-4.6 --enable-shared --enable-linker-build-id --with-system-zlib --libexecdir=/usr/lib --without-included-gettext --enable-threads=posix --with-gxx-include-dir=/usr/include/c++/4.6 --libdir=/usr/lib --enable-nls --with-sysroot=/ --enable-clocale=gnu --enable-libstdcxx-debug --enable-libstdcxx-time=yes --enable-plugin --enable-objc-gc --enable-targets=all --disable-werror --with-arch-32=i686 --with-tune=generic --enable-checking=release --build=i686-linux-gnu --host=i686-linux-gnu --target=i686-linux-gnu
Thread model: posix
gcc version 4.6.1 (Ubuntu/Linaro 4.6.1-9ubuntu3) 
configure:6963: $? = 0
configure:6952: g++ -V >&5
g++: error: unrecognized option '-V'
g++: fatal error: no input files
compilation terminated.
configure:6963: $? = 4
configure:6952: g++ -qversion >&5
g++: error: unrecognized option '-qversion'
g++: fatal error: no input files
compilation terminated.
configure:6963: $? = 4
configure:6967: checking whether we are using the GNU C++ compiler
configure:6995: result: yes
configure:7004: checking whether g++ accepts -g
configure:7065: result: yes
configure:7090: checking dependency style of g++
configure:7200: result: gcc3
configure:7223: checking how to run the C++ preprocessor
configure:7250: g++ -E  conftest.cpp
configure:7250: $? = 0
configure:7264: g++ -E  conftest.cpp
conftest.cpp:22:28: fatal error: ac_nonexistent.h: No such file or directory
compilation terminated.
configure:7264: $? = 1
configure: failed program was:
| /* confdefs.h */
| #define PACKAGE_NAME "bullet"
| #define PACKAGE_TARNAME "bullet"
| #define PACKAGE_VERSION "2.81"
| #define PACKAGE_STRING "bullet 2.81"
| #define PACKAGE_BUGREPORT "bullet@erwincoumans.com"
| #define PACKAGE_URL ""
| #define PACKAGE "bullet"
| #define VERSION "2.81"
| #define STDC_HEADERS 1
| #define HAVE_SYS_TYPES_H 1
| #define HAVE_SYS_STAT_H 1
| #define HAVE_STDLIB_H 1
| #define HAVE_STRING_H 1
| #define HAVE_MEMORY_H 1
| #define HAVE_STRINGS_H 1
| #define HAVE_INTTYPES_H 1
| #define HAVE_STDINT_H 1
| #define HAVE_UNISTD_H 1
| #define HAVE_DLFCN_H 1
| /* end confdefs.h.  */
| #include <ac_nonexistent.h>
configure:7289: result: g++ -E
configure:7309: g++ -E  conftest.cpp
configure:7309: $? = 0
configure:7323: g++ -E  conftest.cpp
conftest.cpp:22:28: fatal error: ac_nonexistent.h: No such file or directory
compilation terminated.
configure:7323: $? = 1
configure: failed program was:
| /* confdefs.h */
| #define PACKAGE_NAME "bullet"
| #define PACKAGE_TARNAME "bullet"
| #define PACKAGE_VERSION "2.81"
| #define PACKAGE_STRING "bullet 2.81"
| #define PACKAGE_BUGREPORT "bullet@erwincoumans.com"
| #define PACKAGE_URL ""
| #define PACKAGE "bullet"
| #define VERSION "2.81"
| #define STDC_HEADERS 1
| #define HAVE_SYS_TYPES_H 1
| #define HAVE_SYS_STAT_H 1
| #define HAVE_STDLIB_H 1
| #define HAVE_STRING_H 1
| #define HAVE_MEMORY_H 1
| #define HAVE_STRINGS_H 1
| #define HAVE_INTTYPES_H 1
| #define HAVE_STDINT_H 1
| #define HAVE_UNISTD_H 1
| #define HAVE_DLFCN_H 1
| /* end confdefs.h.  */
| #include <ac_nonexistent.h>
configure:7529: checking for objdir
configure:7544: result: .libs
configure:7836: checking if gcc supports -fno-rtti -fno-exceptions
configure:7854: gcc -c -g -O2  -fno-rtti -fno-exceptions conftest.c >&5
cc1: warning: command line option '-fno-rtti' is valid for C++/ObjC++ but not for C [enabled by default]
configure:7858: $? = 0
configure:7871: result: no
configure:7891: checking for gcc option to produce PIC
configure:8142: result: -fPIC -DPIC
configure:8154: checking if gcc PIC flag -fPIC -DPIC works
configure:8172: gcc -c -g -O2  -fPIC -DPIC -DPIC conftest.c >&5
configure:8176: $? = 0
configure:8189: result: yes
configure:8213: checking if gcc static flag -static works
configure:8241: result: yes
configure:8256: checking if gcc supports -c -o file.o
configure:8277: gcc -c -g -O2  -o out/conftest2.o conftest.c >&5
configure:8281: $? = 0
configure:8303: result: yes
configure:8311: checking if gcc supports -c -o file.o
configure:8358: result: yes
configure:8391: checking whether the gcc linker (/usr/bin/ld) supports shared libraries
configure:9365: result: yes
configure:9402: checking whether -lc should be explicitly linked in
configure:9407: gcc -c -g -O2  conftest.c >&5
configure:9410: $? = 0
configure:9425: gcc -shared conftest.o  -v -Wl,-soname -Wl,conftest -o conftest 2\>\&1 \| /bin/grep  -lc  \>/dev/null 2\>\&1
configure:9428: $? = 0
configure:9440: result: no
configure:9604: checking dynamic linker characteristics
configure:10032: gcc -o conftest -g -O2   -Wl,-rpath -Wl,/foo conftest.c  >&5
configure:10032: $? = 0
configure:10250: result: GNU/Linux ld.so
configure:10352: checking how to hardcode library paths into programs
configure:10377: result: immediate
configure:10905: checking whether stripping libraries is possible
configure:10910: result: yes
configure:10945: checking if libtool supports shared libraries
configure:10947: result: yes
configure:10950: checking whether to build shared libraries
configure:10971: result: yes
configure:10974: checking whether to build static libraries
configure:10978: result: yes
configure:11128: checking for ld used by g++
configure:11195: result: /usr/bin/ld
configure:11202: checking if the linker (/usr/bin/ld) is GNU ld
configure:11217: result: yes
configure:11272: checking whether the g++ linker (/usr/bin/ld) supports shared libraries
configure:12180: result: yes
configure:12208: g++ -c -g -O2  conftest.cpp >&5
configure:12211: $? = 0
configure:12393: checking for g++ option to produce PIC
configure:12694: result: -fPIC -DPIC
configure:12703: checking if g++ PIC flag -fPIC -DPIC works
configure:12721: g++ -c -g -O2  -fPIC -DPIC -DPIC conftest.cpp >&5
configure:12725: $? = 0
configure:12738: result: yes
configure:12759: checking if g++ static flag -static works
configure:12787: result: yes
configure:12799: checking if g++ supports -c -o file.o
configure:12820: g++ -c -g -O2  -o out/conftest2.o conftest.cpp >&5
configure:12824: $? = 0
configure:12846: result: yes
configure:12851: checking if g++ supports -c -o file.o
configure:12898: result: yes
configure:12928: checking whether the g++ linker (/usr/bin/ld) supports shared libraries
configure:12954: result: yes
configure:13091: checking dynamic linker characteristics
configure:13467: g++ -o conftest -g -O2   -Wl,-rpath -Wl,/foo conftest.cpp  >&5
configure:13467: $? = 0
configure:13685: result: GNU/Linux ld.so
configure:13736: checking how to hardcode library paths into programs
configure:13761: result: immediate
configure:13879: checking whether byte ordering is bigendian
configure:13894: gcc -c -g -O2  conftest.c >&5
conftest.c:26:9: error: unknown type name 'not'
conftest.c:26:15: error: expected '=', ',', ';', 'asm' or '__attribute__' before 'universal'
conftest.c:26:15: error: unknown type name 'universal'
configure:13894: $? = 1
configure: failed program was:
| /* confdefs.h */
| #define PACKAGE_NAME "bullet"
| #define PACKAGE_TARNAME "bullet"
| #define PACKAGE_VERSION "2.81"
| #define PACKAGE_STRING "bullet 2.81"
| #define PACKAGE_BUGREPORT "bullet@erwincoumans.com"
| #define PACKAGE_URL ""
| #define PACKAGE "bullet"
| #define VERSION "2.81"
| #define STDC_HEADERS 1
| #define HAVE_SYS_TYPES_H 1
| #define HAVE_SYS_STAT_H 1
| #define HAVE_STDLIB_H 1
| #define HAVE_STRING_H 1
| #define HAVE_MEMORY_H 1
| #define HAVE_STRINGS_H 1
| #define HAVE_INTTYPES_H 1
| #define HAVE_STDINT_H 1
| #define HAVE_UNISTD_H 1
| #define HAVE_DLFCN_H 1
| #define LT_OBJDIR ".libs/"
| #define PLATFORM_LINUX 1
| #define ARCH_X86 1
| /* end confdefs.h.  */
| #ifndef __APPLE_CC__
| 	       not a universal capable compiler
| 	     #endif
| 	     typedef int dummy;
| 
configure:13939: gcc -c -g -O2  conftest.c >&5
configure:13939: $? = 0
configure:13957: gcc -c -g -O2  conftest.c >&5
conftest.c: In function 'main':
conftest.c:32:4: error: unknown type name 'not'
conftest.c:32:12: error: expected '=', ',', ';', 'asm' or '__attribute__' before 'endian'
configure:13957: $? = 1
configure: failed program was:
| /* confdefs.h */
| #define PACKAGE_NAME "bullet"
| #define PACKAGE_TARNAME "bullet"
| #define PACKAGE_VERSION "2.81"
| #define PACKAGE_STRING "bullet 2.81"
| #define PACKAGE_BUGREPORT "bullet@erwincoumans.com"
| #define PACKAGE_URL ""
| #define PACKAGE "bullet"
| #define VERSION "2.81"
| #define STDC_HEADERS 1
| #define HAVE_SYS_TYPES_H 1
| #define HAVE_SYS_STAT_H 1
| #define HAVE_STDLIB_H 1
| #define HAVE_STRING_H 1
| #define HAVE_MEMORY_H 1
| #define HAVE_STRINGS_H 1
| #define HAVE_INTTYPES_H 1
| #define HAVE_STDINT_H 1
| #define HAVE_UNISTD_H 1
| #define HAVE_DLFCN_H 1
| #define LT_OBJDIR ".libs/"
| #define PLATFORM_LINUX 1
| #define ARCH_X86 1
| /* end confdefs.h.  */
| #include <sys/types.h>
| 		#include <sys/param.h>
| 
| int
| main ()
| {
| #if BYTE_ORDER != BIG_ENDIAN
| 		 not big endian
| 		#endif
| 
|   ;
|   return 0;
| }
configure:14085: result: no
configure:14120: checking BulletMultiThreaded
configure:14127: result: no
configure:14171: checking for GL/gl.h
configure:14171: gcc -c -g -O2  conftest.c >&5
configure:14171: $? = 0
configure:14171: result: yes
configure:14171: checking for GL/glu.h
configure:14171: gcc -c -g -O2  conftest.c >&5
configure:14171: $? = 0
configure:14171: result: yes
configure:14171: checking for GL/glext.h
configure:14171: gcc -c -g -O2  conftest.c >&5
configure:14171: $? = 0
configure:14171: result: yes
configure:14171: checking for GL/glut.h
configure:14171: gcc -c -g -O2  conftest.c >&5
configure:14171: $? = 0
configure:14171: result: yes
configure:14197: checking for main in -lGL
configure:14216: gcc -o conftest -g -O2   conftest.c -lGL   >&5
configure:14216: $? = 0
configure:14225: result: yes
configure:14231: checking for main in -lGLU
configure:14250: gcc -o conftest -g -O2   conftest.c -lGLU -lGL  >&5
configure:14250: $? = 0
configure:14259: result: yes
configure:14265: checking for main in -lGLUT
configure:14284: gcc -o conftest -g -O2   conftest.c -lGLUT -lGLUT  >&5
/usr/bin/ld: cannot find -lGLUT
/usr/bin/ld: cannot find -lGLUT
collect2: ld returned 1 exit status
configure:14284: $? = 1
configure: failed program was:
| /* confdefs.h */
| #define PACKAGE_NAME "bullet"
| #define PACKAGE_TARNAME "bullet"
| #define PACKAGE_VERSION "2.81"
| #define PACKAGE_STRING "bullet 2.81"
| #define PACKAGE_BUGREPORT "bullet@erwincoumans.com"
| #define PACKAGE_URL ""
| #define PACKAGE "bullet"
| #define VERSION "2.81"
| #define STDC_HEADERS 1
| #define HAVE_SYS_TYPES_H 1
| #define HAVE_SYS_STAT_H 1
| #define HAVE_STDLIB_H 1
| #define HAVE_STRING_H 1
| #define HAVE_MEMORY_H 1
| #define HAVE_STRINGS_H 1
| #define HAVE_INTTYPES_H 1
| #define HAVE_STDINT_H 1
| #define HAVE_UNISTD_H 1
| #define HAVE_DLFCN_H 1
| #define LT_OBJDIR ".libs/"
| #define PLATFORM_LINUX 1
| #define ARCH_X86 1
| #define HAVE_GL_GL_H 1
| #define HAVE_GL_GLU_H 1
| #define HAVE_GL_GLEXT_H 1
| #define HAVE_GL_GLUT_H 1
| /* end confdefs.h.  */
| 
| 
| int
| main ()
| {
| return main ();
|   ;
|   return 0;
| }
configure:14293: result: no
configure:14299: checking for main in -lopengl32
configure:14318: gcc -o conftest -g -O2   conftest.c -lopengl32   >&5
/usr/bin/ld: cannot find -lopengl32
collect2: ld returned 1 exit status
configure:14318: $? = 1
configure: failed program was:
| /* confdefs.h */
| #define PACKAGE_NAME "bullet"
| #define PACKAGE_TARNAME "bullet"
| #define PACKAGE_VERSION "2.81"
| #define PACKAGE_STRING "bullet 2.81"
| #define PACKAGE_BUGREPORT "bullet@erwincoumans.com"
| #define PACKAGE_URL ""
| #define PACKAGE "bullet"
| #define VERSION "2.81"
| #define STDC_HEADERS 1
| #define HAVE_SYS_TYPES_H 1
| #define HAVE_SYS_STAT_H 1
| #define HAVE_STDLIB_H 1
| #define HAVE_STRING_H 1
| #define HAVE_MEMORY_H 1
| #define HAVE_STRINGS_H 1
| #define HAVE_INTTYPES_H 1
| #define HAVE_STDINT_H 1
| #define HAVE_UNISTD_H 1
| #define HAVE_DLFCN_H 1
| #define LT_OBJDIR ".libs/"
| #define PLATFORM_LINUX 1
| #define ARCH_X86 1
| #define HAVE_GL_GL_H 1
| #define HAVE_GL_GLU_H 1
| #define HAVE_GL_GLEXT_H 1
| #define HAVE_GL_GLUT_H 1
| /* end confdefs.h.  */
| 
| 
| int
| main ()
| {
| return main ();
|   ;
|   return 0;
| }
configure:14327: result: no
configure:14333: checking for main in -lglu32
configure:14352: gcc -o conftest -g -O2   conftest.c -lglu32 -lopengl32  >&5
/usr/bin/ld: cannot find -lglu32
/usr/bin/ld: cannot find -lopengl32
collect2: ld returned 1 exit status
configure:14352: $? = 1
configure: failed program was:
| /* confdefs.h */
| #define PACKAGE_NAME "bullet"
| #define PACKAGE_TARNAME "bullet"
| #define PACKAGE_VERSION "2.81"
| #define PACKAGE_STRING "bullet 2.81"
| #define PACKAGE_BUGREPORT "bullet@erwincoumans.com"
| #define PACKAGE_URL ""
| #define PACKAGE "bullet"
| #define VERSION "2.81"
| #define STDC_HEADERS 1
| #define HAVE_SYS_TYPES_H 1
| #define HAVE_SYS_STAT_H 1
| #define HAVE_STDLIB_H 1
| #define HAVE_STRING_H 1
| #define HAVE_MEMORY_H 1
| #define HAVE_STRINGS_H 1
| #define HAVE_INTTYPES_H 1
| #define HAVE_STDINT_H 1
| #define HAVE_UNISTD_H 1
| #define HAVE_DLFCN_H 1
| #define LT_OBJDIR ".libs/"
| #define PLATFORM_LINUX 1
| #define ARCH_X86 1
| #define HAVE_GL_GL_H 1
| #define HAVE_GL_GLU_H 1
| #define HAVE_GL_GLEXT_H 1
| #define HAVE_GL_GLUT_H 1
| /* end confdefs.h.  */
| 
| 
| int
| main ()
| {
| return main ();
|   ;
|   return 0;
| }
configure:14361: result: no
configure:14375: Found OpenGL
configure:14387: Building Bullet demos
configure:14409: checking build mode
configure:14416: result: optimize
configure:14579: creating ./config.status

## ---------------------- ##
## Running config.status. ##
## ---------------------- ##

This file was extended by bullet config.status 2.81, which was
generated by GNU Autoconf 2.68.  Invocation command line was

  CONFIG_FILES    = 
  CONFIG_HEADERS  = 
  CONFIG_LINKS    = 
  CONFIG_COMMANDS = 
  $ ./config.status 

on gao-Lemur-Ultra

config.status:1103: creating bullet.pc
config.status:1103: creating Makefile
config.status:1103: creating Demos/Makefile
config.status:1103: creating Demos/SoftDemo/Makefile
config.status:1103: creating Demos/AllBulletDemos/Makefile
config.status:1103: creating Demos/MultiThreadedDemo/Makefile
config.status:1103: creating Demos/OpenGL/Makefile
config.status:1103: creating Demos/BasicDemo/Makefile
config.status:1103: creating Demos/CcdPhysicsDemo/Makefile
config.status:1103: creating Demos/VehicleDemo/Makefile
config.status:1103: creating Demos/TerrainDemo/Makefile
config.status:1103: creating src/Makefile
config.status:1103: creating Extras/Makefile
config.status:1103: creating config.h
config.status:1365: executing depfiles commands
config.status:1365: executing libtool commands
configure:17059:

Please type 'make' to build Bullet


## ---------------- ##
## Cache variables. ##
## ---------------- ##

ac_cv_build=i686-pc-linux-gnu
ac_cv_c_bigendian=no
ac_cv_c_compiler_gnu=yes
ac_cv_cxx_compiler_gnu=yes
ac_cv_env_CCC_set=
ac_cv_env_CCC_value=
ac_cv_env_CC_set=
ac_cv_env_CC_value=
ac_cv_env_CFLAGS_set=
ac_cv_env_CFLAGS_value=
ac_cv_env_CPPFLAGS_set=
ac_cv_env_CPPFLAGS_value=
ac_cv_env_CPP_set=
ac_cv_env_CPP_value=
ac_cv_env_CXXCPP_set=
ac_cv_env_CXXCPP_value=
ac_cv_env_CXXFLAGS_set=
ac_cv_env_CXXFLAGS_value=
ac_cv_env_CXX_set=
ac_cv_env_CXX_value=
ac_cv_env_LDFLAGS_set=
ac_cv_env_LDFLAGS_value=
ac_cv_env_LIBS_set=
ac_cv_env_LIBS_value=
ac_cv_env_build_alias_set=
ac_cv_env_build_alias_value=
ac_cv_env_host_alias_set=
ac_cv_env_host_alias_value=
ac_cv_env_target_alias_set=
ac_cv_env_target_alias_value=
ac_cv_header_GL_gl_h=yes
ac_cv_header_GL_glext_h=yes
ac_cv_header_GL_glu_h=yes
ac_cv_header_GL_glut_h=yes
ac_cv_header_dlfcn_h=yes
ac_cv_header_inttypes_h=yes
ac_cv_header_memory_h=yes
ac_cv_header_stdc=yes
ac_cv_header_stdint_h=yes
ac_cv_header_stdlib_h=yes
ac_cv_header_string_h=yes
ac_cv_header_strings_h=yes
ac_cv_header_sys_stat_h=yes
ac_cv_header_sys_types_h=yes
ac_cv_header_unistd_h=yes
ac_cv_host=i686-pc-linux-gnu
ac_cv_lib_GLUT_main=no
ac_cv_lib_GLU_main=yes
ac_cv_lib_GL_main=yes
ac_cv_lib_glu32_main=no
ac_cv_lib_opengl32_main=no
ac_cv_objext=o
ac_cv_path_EGREP='/bin/grep -E'
ac_cv_path_FGREP='/bin/grep -F'
ac_cv_path_GREP=/bin/grep
ac_cv_path_SED=/bin/sed
ac_cv_path_install='/usr/bin/install -c'
ac_cv_path_mkdir=/bin/mkdir
ac_cv_prog_AWK=gawk
ac_cv_prog_CPP='gcc -E'
ac_cv_prog_CXXCPP='g++ -E'
ac_cv_prog_ac_ct_AR=ar
ac_cv_prog_ac_ct_CC=gcc
ac_cv_prog_ac_ct_CXX=g++
ac_cv_prog_ac_ct_RANLIB=ranlib
ac_cv_prog_ac_ct_STRIP=strip
ac_cv_prog_cc_c89=
ac_cv_prog_cc_g=yes
ac_cv_prog_cc_gcc_c_o=yes
ac_cv_prog_cxx_g=yes
ac_cv_prog_make_make_set=yes
am_cv_CC_dependencies_compiler_type=gcc3
am_cv_CXX_dependencies_compiler_type=gcc3
lt_cv_deplibs_check_method=pass_all
lt_cv_file_magic_cmd='$MAGIC_CMD'
lt_cv_file_magic_test_file=
lt_cv_ld_reload_flag=-r
lt_cv_nm_interface='BSD nm'
lt_cv_objdir=.libs
lt_cv_path_LD=/usr/bin/ld
lt_cv_path_LDCXX=/usr/bin/ld
lt_cv_path_NM='/usr/bin/nm -B'
lt_cv_prog_compiler_c_o=yes
lt_cv_prog_compiler_c_o_CXX=yes
lt_cv_prog_compiler_pic_works=yes
lt_cv_prog_compiler_pic_works_CXX=yes
lt_cv_prog_compiler_rtti_exceptions=no
lt_cv_prog_compiler_static_works=yes
lt_cv_prog_compiler_static_works_CXX=yes
lt_cv_prog_gnu_ld=yes
lt_cv_prog_gnu_ldcxx=yes
lt_cv_sys_global_symbol_pipe='sed -n -e '\''s/^.*[	 ]\([ABCDGIRSTW][ABCDGIRSTW]*\)[	 ][	 ]*\([_A-Za-z][_A-Za-z0-9]*\)$/\1 \2 \2/p'\'''
lt_cv_sys_global_symbol_to_c_name_address='sed -n -e '\''s/^: \([^ ]*\) $/  {\"\1\", (void *) 0},/p'\'' -e '\''s/^[ABCDGIRSTW]* \([^ ]*\) \([^ ]*\)$/  {"\2", (void *) \&\2},/p'\'''
lt_cv_sys_global_symbol_to_c_name_address_lib_prefix='sed -n -e '\''s/^: \([^ ]*\) $/  {\"\1\", (void *) 0},/p'\'' -e '\''s/^[ABCDGIRSTW]* \([^ ]*\) \(lib[^ ]*\)$/  {"\2", (void *) \&\2},/p'\'' -e '\''s/^[ABCDGIRSTW]* \([^ ]*\) \([^ ]*\)$/  {"lib\2", (void *) \&\2},/p'\'''
lt_cv_sys_global_symbol_to_cdecl='sed -n -e '\''s/^T .* \(.*\)$/extern int \1();/p'\'' -e '\''s/^[ABCDGIRSTW]* .* \(.*\)$/extern char \1;/p'\'''
lt_cv_sys_max_cmd_len=1572864

## ----------------- ##
## Output variables. ##
## ----------------- ##

ACLOCAL='${SHELL} /home/gao/Desktop/test/fuzzylite-1.03/bullet-2.81-rev2613/missing --run aclocal-1.11'
AMDEPBACKSLASH='\'
AMDEP_FALSE='#'
AMDEP_TRUE=''
AMTAR='${SHELL} /home/gao/Desktop/test/fuzzylite-1.03/bullet-2.81-rev2613/missing --run tar'
AR='ar'
AUTOCONF='${SHELL} /home/gao/Desktop/test/fuzzylite-1.03/bullet-2.81-rev2613/missing --run autoconf'
AUTOHEADER='${SHELL} /home/gao/Desktop/test/fuzzylite-1.03/bullet-2.81-rev2613/missing --run autoheader'
AUTOMAKE='${SHELL} /home/gao/Desktop/test/fuzzylite-1.03/bullet-2.81-rev2613/missing --run automake-1.11'
AWK='gawk'
CC='gcc'
CCDEPMODE='depmode=gcc3'
CFLAGS=' -g -O2'
CONDITIONAL_BUILD_DEMOS_FALSE='#'
CONDITIONAL_BUILD_DEMOS_TRUE=''
CONDITIONAL_BUILD_MULTITHREADED_FALSE=''
CONDITIONAL_BUILD_MULTITHREADED_TRUE='#'
CPP='gcc -E'
CPPFLAGS=''
CXX='g++'
CXXCPP='g++ -E'
CXXDEPMODE='depmode=gcc3'
CXXFLAGS=' -g -O2  -g -O2'
CYGPATH_W='echo'
DEFS='-DHAVE_CONFIG_H'
DEPDIR='.deps'
DSYMUTIL=''
DUMPBIN=''
ECHO_C=''
ECHO_N='-n'
ECHO_T=''
EGREP='/bin/grep -E'
EXEEXT=''
FGREP='/bin/grep -F'
GL_LIBS='-lGLU -lGL'
GREP='/bin/grep'
INSTALL_DATA='${INSTALL} -m 644'
INSTALL_PROGRAM='${INSTALL}'
INSTALL_SCRIPT='${INSTALL}'
INSTALL_STRIP_PROGRAM='$(install_sh) -c -s'
LD='/usr/bin/ld'
LDFLAGS=''
LIBOBJS=''
LIBS=''
LIBTOOL='$(SHELL) $(top_builddir)/libtool'
LN_S='ln -s'
LTLIBOBJS=''
MAKEINFO='${SHELL} /home/gao/Desktop/test/fuzzylite-1.03/bullet-2.81-rev2613/missing --run makeinfo'
MKDIR_P='/bin/mkdir -p'
NM='/usr/bin/nm -B'
NMEDIT=''
OBJEXT='o'
PACKAGE='bullet'
PACKAGE_BUGREPORT='bullet@erwincoumans.com'
PACKAGE_NAME='bullet'
PACKAGE_STRING='bullet 2.81'
PACKAGE_TARNAME='bullet'
PACKAGE_URL=''
PACKAGE_VERSION='2.81'
PATH_SEPARATOR=':'
RANLIB='ranlib'
SED='/bin/sed'
SET_MAKE=''
SHELL='/bin/sh'
STRIP='strip'
VERSION='2.81'
ac_ct_CC='gcc'
ac_ct_CXX='g++'
ac_ct_DUMPBIN=''
am__EXEEXT_FALSE=''
am__EXEEXT_TRUE='#'
am__fastdepCC_FALSE='#'
am__fastdepCC_TRUE=''
am__fastdepCXX_FALSE='#'
am__fastdepCXX_TRUE=''
am__include='include'
am__isrc=''
am__leading_dot='.'
am__quote=''
am__tar='${AMTAR} chof - "$$tardir"'
am__untar='${AMTAR} xf -'
bindir='${exec_prefix}/bin'
build='i686-pc-linux-gnu'
build_alias=''
build_cpu='i686'
build_os='linux-gnu'
build_vendor='pc'
datadir='${datarootdir}'
datarootdir='${prefix}/share'
docdir='${datarootdir}/doc/${PACKAGE_TARNAME}'
dvidir='${docdir}'
exec_prefix='${prefix}'
host='i686-pc-linux-gnu'
host_alias=''
host_cpu='i686'
host_os='linux-gnu'
host_vendor='pc'
htmldir='${docdir}'
includedir='${prefix}/include'
infodir='${datarootdir}/info'
install_sh='${SHELL} /home/gao/Desktop/test/fuzzylite-1.03/bullet-2.81-rev2613/install-sh'
libdir='${exec_prefix}/lib'
libexecdir='${exec_prefix}/libexec'
localedir='${datarootdir}/locale'
localstatedir='${prefix}/var'
lt_ECHO='echo'
mandir='${datarootdir}/man'
mkdir_p='/bin/mkdir -p'
oldincludedir='/usr/include'
opengl_LIBS='-lGL -lGLU -lglut'
pdfdir='${docdir}'
prefix='/usr/local'
program_transform_name='s,x,x,'
psdir='${docdir}'
sbindir='${exec_prefix}/sbin'
sharedstatedir='${prefix}/com'
sysconfdir='${prefix}/etc'
target_alias=''

## ----------- ##
## confdefs.h. ##
## ----------- ##

/* confdefs.h */
#define PACKAGE_NAME "bullet"
#define PACKAGE_TARNAME "bullet"
#define PACKAGE_VERSION "2.81"
#define PACKAGE_STRING "bullet 2.81"
#define PACKAGE_BUGREPORT "bullet@erwincoumans.com"
#define PACKAGE_URL ""
#define PACKAGE "bullet"
#define VERSION "2.81"
#define STDC_HEADERS 1
#define HAVE_SYS_TYPES_H 1
#define HAVE_SYS_STAT_H 1
#define HAVE_STDLIB_H 1
#define HAVE_STRING_H 1
#define HAVE_MEMORY_H 1
#define HAVE_STRINGS_H 1
#define HAVE_INTTYPES_H 1
#define HAVE_STDINT_H 1
#define HAVE_UNISTD_H 1
#define HAVE_DLFCN_H 1
#define LT_OBJDIR ".libs/"
#define PLATFORM_LINUX 1
#define ARCH_X86 1
#define HAVE_GL_GL_H 1
#define HAVE_GL_GLU_H 1
#define HAVE_GL_GLEXT_H 1
#define HAVE_GL_GLUT_H 1

configure: exit 0

## ---------------------- ##
## Running config.status. ##
## ---------------------- ##

This file was extended by bullet config.status 2.81, which was
generated by GNU Autoconf 2.68.  Invocation command line was

  CONFIG_FILES    = 
  CONFIG_HEADERS  = 
  CONFIG_LINKS    = 
  CONFIG_COMMANDS = 
  $ ./config.status config.h

on gao-Lemur-Ultra

config.status:1103: creating config.h
config.status:1317: config.h is unchanged
